<?xml version="1.0" encoding="UTF-8"?>
<testsuite name="testRomanNumerals" tests="4" skipped="0" failures="0" errors="0" timestamp="2024-11-04T16:45:34" hostname="BENNI" time="0.039">
  <properties/>
  <testcase name="TestCase1()" classname="testRomanNumerals" time="0.026"/>
  <testcase name="TestCase2()" classname="testRomanNumerals" time="0.002"/>
  <testcase name="TestCase3()" classname="testRomanNumerals" time="0.003"/>
  <testcase name="TestCase4to8()" classname="testRomanNumerals" time="0.002"/>
  <system-out><![CDATA[]]></system-out>
  <system-err><![CDATA[]]></system-err>
</testsuite>
